<?xml version="1.0" encoding="UTF-8"?>
<!-- Generated by org.testng.reporters.JUnitXMLReporter -->
<testsuite ignored="1" hostname="LAPTOP-6I2ERQM6" failures="0" tests="2" name="ChromeBrowser" time="26.849" errors="0" timestamp="2023-08-07T12:22:51 IST">
  <testcase classname="test12.VerificationOfHomepage" name="ToverifytheTaskButton" time="8.51"/>
  <testcase classname="test12.VerificationOfHomepage" name="ToverifyTheReportsButton" time="6.848"/>
  <testcase classname="test12.VerificationOfHomepage" name="TestC" time="0.0">
    <ignored/>
  </testcase> <!-- TestC -->
</testsuite> <!-- ChromeBrowser -->
