<?xml version="1.0" encoding="UTF-8"?>
<!-- Generated by org.testng.reporters.JUnitXMLReporter -->
<testsuite ignored="2" hostname="LAPTOP-6I2ERQM6" failures="0" tests="1" name="FirefoxBrowser" time="13.227" errors="0" timestamp="2023-09-20T09:25:41 IST">
  <testcase classname="test12.VerificationOfHomepage" name="ToverifytheTaskButton" time="3.156"/>
  <testcase classname="test12.VerificationOfHomepage" name="TestC" time="0.0">
    <ignored/>
  </testcase> <!-- TestC -->
  <testcase classname="test12.VerificationOfHomepage" name="ToverifyTheReportsButton" time="0.0">
    <ignored/>
  </testcase> <!-- ToverifyTheReportsButton -->
</testsuite> <!-- FirefoxBrowser -->
