<?xml version="1.0" encoding="UTF-8"?>
<testng-results ignored="3" total="6" passed="3" failed="0" skipped="0">
  <reporter-output>
  </reporter-output>
  <suite started-at="2023-09-20T09:25:28 IST" name="Suite" finished-at="2023-09-20T09:25:52 IST" duration-ms="23418">
    <groups>
    </groups>
    <test started-at="2023-09-20T09:25:28 IST" name="FirefoxBrowser" finished-at="2023-09-20T09:25:41 IST" duration-ms="13227">
      <class name="test12.VerificationOfHomepage">
        <test-method is-config="true" signature="LaunchBrowser(java.lang.String)[pri:0, instance:test12.VerificationOfHomepage@2d7275fc]" started-at="2023-09-20T09:25:28 IST" name="LaunchBrowser" finished-at="2023-09-20T09:25:32 IST" duration-ms="3777" status="PASS">
          <params>
            <param index="0">
              <value>
                <![CDATA[Firefox]]>
              </value>
            </param>
          </params>
          <reporter-output>
          </reporter-output>
        </test-method> <!-- LaunchBrowser -->
        <test-method is-config="true" signature="createPOMobjects()[pri:0, instance:test12.VerificationOfHomepage@2d7275fc]" started-at="2023-09-20T09:25:32 IST" name="createPOMobjects" finished-at="2023-09-20T09:25:32 IST" duration-ms="0" status="PASS">
          <reporter-output>
          </reporter-output>
        </test-method> <!-- createPOMobjects -->
        <test-method is-config="true" signature="LoginToApplication()[pri:0, instance:test12.VerificationOfHomepage@2d7275fc]" started-at="2023-09-20T09:25:32 IST" name="LoginToApplication" finished-at="2023-09-20T09:25:37 IST" duration-ms="5148" status="PASS">
          <reporter-output>
          </reporter-output>
        </test-method> <!-- LoginToApplication -->
        <test-method signature="ToverifytheTaskButton()[pri:0, instance:test12.VerificationOfHomepage@2d7275fc]" started-at="2023-09-20T09:25:37 IST" name="ToverifytheTaskButton" finished-at="2023-09-20T09:25:40 IST" duration-ms="3156" status="PASS">
          <reporter-output>
          </reporter-output>
        </test-method> <!-- ToverifytheTaskButton -->
        <test-method is-config="true" signature="LogoutfromApplication(org.testng.ITestResult)[pri:0, instance:test12.VerificationOfHomepage@2d7275fc]" started-at="2023-09-20T09:25:40 IST" name="LogoutfromApplication" finished-at="2023-09-20T09:25:40 IST" duration-ms="131" status="PASS">
          <params>
            <param index="0">
              <value>
                <![CDATA[[TestResult name=ToverifytheTaskButton status=SUCCESS method=VerificationOfHomepage.ToverifytheTaskButton()[pri:0, instance:test12.VerificationOfHomepage@2d7275fc] output={null}]]]>
              </value>
            </param>
          </params>
          <reporter-output>
          </reporter-output>
        </test-method> <!-- LogoutfromApplication -->
        <test-method is-config="true" signature="ClearObject()[pri:0, instance:test12.VerificationOfHomepage@2d7275fc]" started-at="2023-09-20T09:25:40 IST" name="ClearObject" finished-at="2023-09-20T09:25:40 IST" duration-ms="0" status="PASS">
          <reporter-output>
          </reporter-output>
        </test-method> <!-- ClearObject -->
        <test-method is-config="true" signature="ClosedBrowser()[pri:0, instance:test12.VerificationOfHomepage@2d7275fc]" started-at="2023-09-20T09:25:40 IST" name="ClosedBrowser" finished-at="2023-09-20T09:25:41 IST" duration-ms="1001" status="PASS">
          <reporter-output>
          </reporter-output>
        </test-method> <!-- ClosedBrowser -->
      </class> <!-- test12.VerificationOfHomepage -->
    </test> <!-- FirefoxBrowser -->
    <test started-at="2023-09-20T09:25:28 IST" name="ChromeBrowser" finished-at="2023-09-20T09:25:52 IST" duration-ms="23418">
      <class name="test12.VerificationOfHomepage">
        <test-method is-config="true" signature="LaunchBrowser(java.lang.String)[pri:0, instance:test12.VerificationOfHomepage@2a4fb17b]" started-at="2023-09-20T09:25:28 IST" name="LaunchBrowser" finished-at="2023-09-20T09:25:30 IST" duration-ms="1676" status="PASS">
          <params>
            <param index="0">
              <value>
                <![CDATA[Chrome]]>
              </value>
            </param>
          </params>
          <reporter-output>
          </reporter-output>
        </test-method> <!-- LaunchBrowser -->
        <test-method is-config="true" signature="createPOMobjects()[pri:0, instance:test12.VerificationOfHomepage@2a4fb17b]" started-at="2023-09-20T09:25:30 IST" name="createPOMobjects" finished-at="2023-09-20T09:25:30 IST" duration-ms="36" status="PASS">
          <reporter-output>
          </reporter-output>
        </test-method> <!-- createPOMobjects -->
        <test-method is-config="true" signature="LoginToApplication()[pri:0, instance:test12.VerificationOfHomepage@2a4fb17b]" started-at="2023-09-20T09:25:30 IST" name="LoginToApplication" finished-at="2023-09-20T09:25:35 IST" duration-ms="5244" status="PASS">
          <reporter-output>
          </reporter-output>
        </test-method> <!-- LoginToApplication -->
        <test-method signature="ToverifytheTaskButton()[pri:0, instance:test12.VerificationOfHomepage@2a4fb17b]" started-at="2023-09-20T09:25:35 IST" name="ToverifytheTaskButton" finished-at="2023-09-20T09:25:42 IST" duration-ms="6825" status="PASS">
          <reporter-output>
          </reporter-output>
        </test-method> <!-- ToverifytheTaskButton -->
        <test-method is-config="true" signature="LogoutfromApplication(org.testng.ITestResult)[pri:0, instance:test12.VerificationOfHomepage@2a4fb17b]" started-at="2023-09-20T09:25:42 IST" name="LogoutfromApplication" finished-at="2023-09-20T09:25:43 IST" duration-ms="829" status="PASS">
          <params>
            <param index="0">
              <value>
                <![CDATA[[TestResult name=ToverifytheTaskButton status=SUCCESS method=VerificationOfHomepage.ToverifytheTaskButton()[pri:0, instance:test12.VerificationOfHomepage@2a4fb17b] output={null}]]]>
              </value>
            </param>
          </params>
          <reporter-output>
          </reporter-output>
        </test-method> <!-- LogoutfromApplication -->
        <test-method is-config="true" signature="LoginToApplication()[pri:0, instance:test12.VerificationOfHomepage@2a4fb17b]" started-at="2023-09-20T09:25:43 IST" name="LoginToApplication" finished-at="2023-09-20T09:25:44 IST" duration-ms="1016" status="PASS">
          <reporter-output>
          </reporter-output>
        </test-method> <!-- LoginToApplication -->
        <test-method signature="ToverifyTheReportsButton()[pri:0, instance:test12.VerificationOfHomepage@2a4fb17b]" started-at="2023-09-20T09:25:44 IST" name="ToverifyTheReportsButton" finished-at="2023-09-20T09:25:50 IST" duration-ms="6481" status="PASS">
          <reporter-output>
          </reporter-output>
        </test-method> <!-- ToverifyTheReportsButton -->
        <test-method is-config="true" signature="LogoutfromApplication(org.testng.ITestResult)[pri:0, instance:test12.VerificationOfHomepage@2a4fb17b]" started-at="2023-09-20T09:25:50 IST" name="LogoutfromApplication" finished-at="2023-09-20T09:25:51 IST" duration-ms="1065" status="PASS">
          <params>
            <param index="0">
              <value>
                <![CDATA[[TestResult name=ToverifyTheReportsButton status=SUCCESS method=VerificationOfHomepage.ToverifyTheReportsButton()[pri:0, instance:test12.VerificationOfHomepage@2a4fb17b] output={null}]]]>
              </value>
            </param>
          </params>
          <reporter-output>
          </reporter-output>
        </test-method> <!-- LogoutfromApplication -->
        <test-method is-config="true" signature="ClosedBrowser()[pri:0, instance:test12.VerificationOfHomepage@2a4fb17b]" started-at="2023-09-20T09:25:51 IST" name="ClosedBrowser" finished-at="2023-09-20T09:25:52 IST" duration-ms="202" status="PASS">
          <reporter-output>
          </reporter-output>
        </test-method> <!-- ClosedBrowser -->
        <test-method is-config="true" signature="ClearObject()[pri:0, instance:test12.VerificationOfHomepage@2a4fb17b]" started-at="2023-09-20T09:25:51 IST" name="ClearObject" finished-at="2023-09-20T09:25:51 IST" duration-ms="0" status="PASS">
          <reporter-output>
          </reporter-output>
        </test-method> <!-- ClearObject -->
      </class> <!-- test12.VerificationOfHomepage -->
    </test> <!-- ChromeBrowser -->
  </suite> <!-- Suite -->
</testng-results>
